<?xml version="1.0" encoding="UTF-8"?>
<testsuite name="org.springframework.session.data.gemfire.config.annotation.web.http.support.GemFireCacheTypeAwareRegionFactoryBeanTest" tests="17" skipped="0" failures="0" errors="0" timestamp="2017-06-06T07:28:10" hostname="jblum-mbpro-2.local" time="0.058">
  <properties/>
  <testcase name="getBeanFactoryWhenNullThrowsIllegalStateException" classname="org.springframework.session.data.gemfire.config.annotation.web.http.support.GemFireCacheTypeAwareRegionFactoryBeanTest" time="0.013"/>
  <testcase name="setAndGetBeanFactory" classname="org.springframework.session.data.gemfire.config.annotation.web.http.support.GemFireCacheTypeAwareRegionFactoryBeanTest" time="0.021"/>
  <testcase name="setAndGetServerRegionShortcut" classname="org.springframework.session.data.gemfire.config.annotation.web.http.support.GemFireCacheTypeAwareRegionFactoryBeanTest" time="0.0"/>
  <testcase name="setAndGetPoolName" classname="org.springframework.session.data.gemfire.config.annotation.web.http.support.GemFireCacheTypeAwareRegionFactoryBeanTest" time="0.001"/>
  <testcase name="emptyInterestsRegistration" classname="org.springframework.session.data.gemfire.config.annotation.web.http.support.GemFireCacheTypeAwareRegionFactoryBeanTest" time="0.001"/>
  <testcase name="setAndGetGemfireCache" classname="org.springframework.session.data.gemfire.config.annotation.web.http.support.GemFireCacheTypeAwareRegionFactoryBeanTest" time="0.001"/>
  <testcase name="afterPropertiesSetCreatesClientRegionForClientCache" classname="org.springframework.session.data.gemfire.config.annotation.web.http.support.GemFireCacheTypeAwareRegionFactoryBeanTest" time="0.001"/>
  <testcase name="setAndGetRegionAttributes" classname="org.springframework.session.data.gemfire.config.annotation.web.http.support.GemFireCacheTypeAwareRegionFactoryBeanTest" time="0.0"/>
  <testcase name="getObjectTypeBeforeInitializationIsRegionClass" classname="org.springframework.session.data.gemfire.config.annotation.web.http.support.GemFireCacheTypeAwareRegionFactoryBeanTest" time="0.0"/>
  <testcase name="setGemfireCacheToNullThrowsIllegalArgumentException" classname="org.springframework.session.data.gemfire.config.annotation.web.http.support.GemFireCacheTypeAwareRegionFactoryBeanTest" time="0.0"/>
  <testcase name="allKeysInterestsRegistration" classname="org.springframework.session.data.gemfire.config.annotation.web.http.support.GemFireCacheTypeAwareRegionFactoryBeanTest" time="0.01"/>
  <testcase name="setAndGetRegionName" classname="org.springframework.session.data.gemfire.config.annotation.web.http.support.GemFireCacheTypeAwareRegionFactoryBeanTest" time="0.001"/>
  <testcase name="setAndGetClientRegionShortcut" classname="org.springframework.session.data.gemfire.config.annotation.web.http.support.GemFireCacheTypeAwareRegionFactoryBeanTest" time="0.0"/>
  <testcase name="setBeanFactoryToNullThrowsIllegalArgumentException" classname="org.springframework.session.data.gemfire.config.annotation.web.http.support.GemFireCacheTypeAwareRegionFactoryBeanTest" time="0.0"/>
  <testcase name="getGemfireCacheWhenNullThrowsIllegalStateException" classname="org.springframework.session.data.gemfire.config.annotation.web.http.support.GemFireCacheTypeAwareRegionFactoryBeanTest" time="0.0"/>
  <testcase name="afterPropertiesSetCreatesServerRegionForPeerCache" classname="org.springframework.session.data.gemfire.config.annotation.web.http.support.GemFireCacheTypeAwareRegionFactoryBeanTest" time="0.001"/>
  <testcase name="isSingletonIsTrue" classname="org.springframework.session.data.gemfire.config.annotation.web.http.support.GemFireCacheTypeAwareRegionFactoryBeanTest" time="0.0"/>
  <system-out><![CDATA[]]></system-out>
  <system-err><![CDATA[]]></system-err>
</testsuite>
