<?xml version="1.0" encoding="UTF-8"?>
<testsuite name="org.springframework.session.data.gemfire.config.annotation.web.http.GemFireHttpSessionConfigurationTest" tests="14" skipped="0" failures="0" errors="0" timestamp="2017-06-06T07:28:10" hostname="jblum-mbpro-2.local" time="0.176">
  <properties/>
  <testcase name="expirationIsAllowed" classname="org.springframework.session.data.gemfire.config.annotation.web.http.GemFireHttpSessionConfigurationTest" time="0.087"/>
  <testcase name="createsAndInitializesSessionRegionAttributesWithoutExpiration" classname="org.springframework.session.data.gemfire.config.annotation.web.http.GemFireHttpSessionConfigurationTest" time="0.003"/>
  <testcase name="setAndGetServerRegionShortcut" classname="org.springframework.session.data.gemfire.config.annotation.web.http.GemFireHttpSessionConfigurationTest" time="0.0"/>
  <testcase name="createsAndInitializesSessionRegionBean" classname="org.springframework.session.data.gemfire.config.annotation.web.http.GemFireHttpSessionConfigurationTest" time="0.029"/>
  <testcase name="setAndGetPoolName" classname="org.springframework.session.data.gemfire.config.annotation.web.http.GemFireHttpSessionConfigurationTest" time="0.001"/>
  <testcase name="setAndGetMaxInactiveIntervalInSeconds" classname="org.springframework.session.data.gemfire.config.annotation.web.http.GemFireHttpSessionConfigurationTest" time="0.0"/>
  <testcase name="createsAndInitializesSessionRepositoryBean" classname="org.springframework.session.data.gemfire.config.annotation.web.http.GemFireHttpSessionConfigurationTest" time="0.019"/>
  <testcase name="createsAndInitializesSessionRegionAttributesWithExpiration" classname="org.springframework.session.data.gemfire.config.annotation.web.http.GemFireHttpSessionConfigurationTest" time="0.001"/>
  <testcase name="createsAndInitializesSessionRegionTemplateBean" classname="org.springframework.session.data.gemfire.config.annotation.web.http.GemFireHttpSessionConfigurationTest" time="0.006"/>
  <testcase name="setAndGetBeanClassLoader" classname="org.springframework.session.data.gemfire.config.annotation.web.http.GemFireHttpSessionConfigurationTest" time="0.0"/>
  <testcase name="setAndGetClientRegionShortcut" classname="org.springframework.session.data.gemfire.config.annotation.web.http.GemFireHttpSessionConfigurationTest" time="0.0"/>
  <testcase name="expirationIsNotAllowed" classname="org.springframework.session.data.gemfire.config.annotation.web.http.GemFireHttpSessionConfigurationTest" time="0.0"/>
  <testcase name="setAndGetSpringSessionGemFireRegionName" classname="org.springframework.session.data.gemfire.config.annotation.web.http.GemFireHttpSessionConfigurationTest" time="0.001"/>
  <testcase name="setsImportMetadata" classname="org.springframework.session.data.gemfire.config.annotation.web.http.GemFireHttpSessionConfigurationTest" time="0.029"/>
  <system-out><![CDATA[]]></system-out>
  <system-err><![CDATA[]]></system-err>
</testsuite>
